<?xml version="1.0" encoding="UTF-8"?>
<testng-results ignored="0" total="1" passed="1" failed="0" skipped="0">
  <reporter-output>
    <line>
      <![CDATA[No of rows::8]]>
    </line>
    <line>
      <![CDATA[Emp login success0848   0848]]>
    </line>
    <line>
      <![CDATA[Emp login success0849   0849]]>
    </line>
    <line>
      <![CDATA[Emp login success0850   0850]]>
    </line>
    <line>
      <![CDATA[Emp login success0851   0851]]>
    </line>
    <line>
      <![CDATA[Emp login success0852   0852]]>
    </line>
    <line>
      <![CDATA[Emp login success0853   0853]]>
    </line>
    <line>
      <![CDATA[Emp login success0854   0854]]>
    </line>
    <line>
      <![CDATA[Emp login success0855   0855]]>
    </line>
  </reporter-output>
  <suite started-at="2023-08-31T21:15:00 IST" name="Default suite" finished-at="2023-08-31T21:15:22 IST" duration-ms="21381">
    <groups>
    </groups>
    <test started-at="2023-08-31T21:15:00 IST" name="Default test" finished-at="2023-08-31T21:15:22 IST" duration-ms="21381">
      <class name="applicationLayer.DriverScript">
        <test-method is-config="true" signature="setUp()[pri:0, instance:applicationLayer.DriverScript@76494737]" started-at="2023-08-31T21:15:00 IST" name="setUp" finished-at="2023-08-31T21:15:05 IST" duration-ms="5163" status="PASS">
          <reporter-output>
          </reporter-output>
        </test-method> <!-- setUp -->
        <test-method signature="startTest()[pri:0, instance:applicationLayer.DriverScript@76494737]" started-at="2023-08-31T21:15:05 IST" name="startTest" finished-at="2023-08-31T21:15:21 IST" duration-ms="15547" status="PASS">
          <reporter-output>
            <line>
              <![CDATA[No of rows::8]]>
            </line>
            <line>
              <![CDATA[Emp login success0848   0848]]>
            </line>
            <line>
              <![CDATA[Emp login success0849   0849]]>
            </line>
            <line>
              <![CDATA[Emp login success0850   0850]]>
            </line>
            <line>
              <![CDATA[Emp login success0851   0851]]>
            </line>
            <line>
              <![CDATA[Emp login success0852   0852]]>
            </line>
            <line>
              <![CDATA[Emp login success0853   0853]]>
            </line>
            <line>
              <![CDATA[Emp login success0854   0854]]>
            </line>
            <line>
              <![CDATA[Emp login success0855   0855]]>
            </line>
          </reporter-output>
        </test-method> <!-- startTest -->
        <test-method is-config="true" signature="tearDown()[pri:0, instance:applicationLayer.DriverScript@76494737]" started-at="2023-08-31T21:15:21 IST" name="tearDown" finished-at="2023-08-31T21:15:22 IST" duration-ms="634" status="PASS">
          <reporter-output>
          </reporter-output>
        </test-method> <!-- tearDown -->
      </class> <!-- applicationLayer.DriverScript -->
    </test> <!-- Default test -->
  </suite> <!-- Default suite -->
</testng-results>
